<?xml version="1.0" encoding="UTF-8"?>
<!-- Generated by org.testng.reporters.JUnitXMLReporter -->
<testsuite ignored="0" hostname="DESKTOP-H12QAKV" failures="0" tests="9" name="Default test" time="21.46" errors="0" timestamp="2026-06-19T00:10:13 IST">
  <testcase classname="com_vts_Testcases.Testcases" name="Signup" time="3.278"/>
  <testcase classname="com_vts_Testcases.Testcases" name="Login" time="0.453"/>
  <testcase classname="com_vts_Testcases.Testcases" name="openNewAccount" time="1.918"/>
  <testcase classname="com_vts_Testcases.Testcases" name="AccoutOverview" time="0.662"/>
  <testcase classname="com_vts_Testcases.Testcases" name="FundTransfer" time="1.966"/>
  <testcase classname="com_vts_Testcases.Testcases" name="Billpay" time="2.574"/>
  <testcase classname="com_vts_Testcases.Testcases" name="FindTransactions" time="3.46"/>
  <testcase classname="com_vts_Testcases.Testcases" name="updateinfo" time="1.54"/>
  <testcase classname="com_vts_Testcases.Testcases" name="RequestLoan" time="0.985"/>
</testsuite> <!-- Default test -->
