<?xml version="1.0" encoding="UTF-8"?>
<testng-results ignored="0" total="9" passed="9" failed="0" skipped="0">
  <reporter-output>
  </reporter-output>
  <suite started-at="2026-06-19T00:09:52 IST" name="Default suite" finished-at="2026-06-19T00:10:13 IST" duration-ms="21460">
    <groups>
    </groups>
    <test started-at="2026-06-19T00:09:52 IST" name="Default test" finished-at="2026-06-19T00:10:13 IST" duration-ms="21460">
      <class name="com_vts_Testcases.Testcases">
        <test-method is-config="true" signature="setup()[pri:0, instance:com_vts_Testcases.Testcases@1f9f6368]" started-at="2026-06-19T00:09:52 IST" name="setup" finished-at="2026-06-19T00:09:56 IST" duration-ms="3649" status="PASS">
          <reporter-output>
          </reporter-output>
        </test-method> <!-- setup -->
        <test-method signature="Signup()[pri:1, instance:com_vts_Testcases.Testcases@1f9f6368]" started-at="2026-06-19T00:09:56 IST" name="Signup" finished-at="2026-06-19T00:09:59 IST" duration-ms="3278" status="PASS">
          <reporter-output>
          </reporter-output>
        </test-method> <!-- Signup -->
        <test-method signature="Login()[pri:2, instance:com_vts_Testcases.Testcases@1f9f6368]" started-at="2026-06-19T00:09:59 IST" name="Login" finished-at="2026-06-19T00:09:59 IST" duration-ms="453" status="PASS">
          <reporter-output>
          </reporter-output>
        </test-method> <!-- Login -->
        <test-method signature="openNewAccount()[pri:3, instance:com_vts_Testcases.Testcases@1f9f6368]" started-at="2026-06-19T00:09:59 IST" name="openNewAccount" finished-at="2026-06-19T00:10:01 IST" duration-ms="1918" status="PASS">
          <reporter-output>
          </reporter-output>
        </test-method> <!-- openNewAccount -->
        <test-method signature="AccoutOverview()[pri:4, instance:com_vts_Testcases.Testcases@1f9f6368]" started-at="2026-06-19T00:10:01 IST" name="AccoutOverview" finished-at="2026-06-19T00:10:02 IST" duration-ms="662" status="PASS">
          <reporter-output>
          </reporter-output>
        </test-method> <!-- AccoutOverview -->
        <test-method signature="FundTransfer()[pri:5, instance:com_vts_Testcases.Testcases@1f9f6368]" started-at="2026-06-19T00:10:02 IST" name="FundTransfer" finished-at="2026-06-19T00:10:04 IST" duration-ms="1966" status="PASS">
          <reporter-output>
          </reporter-output>
        </test-method> <!-- FundTransfer -->
        <test-method signature="Billpay()[pri:6, instance:com_vts_Testcases.Testcases@1f9f6368]" started-at="2026-06-19T00:10:04 IST" name="Billpay" finished-at="2026-06-19T00:10:07 IST" duration-ms="2574" status="PASS">
          <reporter-output>
          </reporter-output>
        </test-method> <!-- Billpay -->
        <test-method signature="FindTransactions()[pri:7, instance:com_vts_Testcases.Testcases@1f9f6368]" started-at="2026-06-19T00:10:07 IST" name="FindTransactions" finished-at="2026-06-19T00:10:10 IST" duration-ms="3460" status="PASS">
          <reporter-output>
          </reporter-output>
        </test-method> <!-- FindTransactions -->
        <test-method signature="updateinfo()[pri:8, instance:com_vts_Testcases.Testcases@1f9f6368]" started-at="2026-06-19T00:10:10 IST" name="updateinfo" finished-at="2026-06-19T00:10:12 IST" duration-ms="1540" status="PASS">
          <reporter-output>
          </reporter-output>
        </test-method> <!-- updateinfo -->
        <test-method signature="RequestLoan()[pri:9, instance:com_vts_Testcases.Testcases@1f9f6368]" started-at="2026-06-19T00:10:12 IST" name="RequestLoan" finished-at="2026-06-19T00:10:13 IST" duration-ms="985" status="PASS">
          <reporter-output>
          </reporter-output>
        </test-method> <!-- RequestLoan -->
        <test-method is-config="true" signature="TearDown()[pri:0, instance:com_vts_Testcases.Testcases@1f9f6368]" started-at="2026-06-19T00:10:13 IST" name="TearDown" finished-at="2026-06-19T00:10:13 IST" duration-ms="627" status="PASS">
          <reporter-output>
          </reporter-output>
        </test-method> <!-- TearDown -->
      </class> <!-- com_vts_Testcases.Testcases -->
    </test> <!-- Default test -->
  </suite> <!-- Default suite -->
</testng-results>
