<?xml version="1.0" encoding="UTF-8"?>
<!-- Generated by org.testng.reporters.JUnitReportReporter -->
<testsuite hostname="DESKTOP-H12QAKV" failures="0" tests="9" name="com_vts_Testcases.Testcases" time="16.836" errors="0" timestamp="2026-06-19T00:10:13 IST" skipped="0">
  <testcase classname="com_vts_Testcases.Testcases" name="Signup" time="3.278"/>
  <testcase classname="com_vts_Testcases.Testcases" name="Login" time="0.453"/>
  <testcase classname="com_vts_Testcases.Testcases" name="openNewAccount" time="1.918"/>
  <testcase classname="com_vts_Testcases.Testcases" name="AccoutOverview" time="0.662"/>
  <testcase classname="com_vts_Testcases.Testcases" name="FundTransfer" time="1.966"/>
  <testcase classname="com_vts_Testcases.Testcases" name="Billpay" time="2.574"/>
  <testcase classname="com_vts_Testcases.Testcases" name="FindTransactions" time="3.460"/>
  <testcase classname="com_vts_Testcases.Testcases" name="updateinfo" time="1.540"/>
  <testcase classname="com_vts_Testcases.Testcases" name="RequestLoan" time="0.985"/>
</testsuite> <!-- com_vts_Testcases.Testcases -->
